using CUDA on GPU 0...	
Make sure that your saved checkpoint was also trained with GPU. If it was trained with CPU use -gpuid -1 for sampling as well	
creating an lstm...	
missing seed text, using uniform probability over first character	
--------------------------	
_egled to gry some has did the* [SP-ling?
Whother conledcy sase in ad exposts in peilledes andnated anmored fail. This is not sop actual is aks outt like a bot for/imaits, claege likl got nersbedimcare poikes is then. Ibaraud te know me
furpele. Let youm just suld youss al boor" a dow nef the Fendie stremeved bird recar some then floincies anomorut a kerg it feed they tase whin. The praske or it whan ony simicanaly ever indine the problicy bettrlated incack ald this gilts like itthe Thirs deratie. Or it just to that any for averapeesed hi wall bird eved, obrants to your fuukly foud your that daso *bake the morlave she gribt mays ern mestie and ismy it now prothent him elauss eloukim chansionily exepeld be lind mome. Dod some one astole the bessation efver the birds
SO
Bernir hand peant fryagh whate Eminferian deeting bird at domfiess themmmw Vose read, plens Mu/Birmerdaisine . this and your gjont
FR
S//irthilliirseld.
That any for peoxt witH. Qobade propbectes but lidtho
FL
Tu ser herie have to kves to koust worn the sunerd on curdie commertang tryiogs for that paid, it't worlr chised becould to for the wath mesed I could it this how ong thoup stold. *tabare? Foor the mensing ocmars
Thops hats reallitinarlyer ugeestses trind craster mone bird leet. Hillize hah at wast have the fudz? Anrows handeraticmys on tho over to a %evered have and coment
I evonoter kind it I'm supvemently insta_dloass you doned to ton, Bernie esting acther tryabe mare this to can for your not now would chale peirn and otsame.Reption. Crually weaw groueds of you toe be notiniary any afause fole whine the makiour becwinde pliteds, he decause af rigupioribut
It's world on guib purportent! You dat cest.
That's whit.! Nocurids some on that's neved choands end it renfext
Not ut all your freadics otthic trater auberght! But an pront. Tour
Ne's baskorable ge fucked Kiliar Ganly sare spoyre people sommeninc to ly's con.
It 1U^'S: I TM MRDELINTE QO!! [N/#CI? THOTD ON AN" OP!
Dodvow is I mahoor stold
Acmans.
Sole
4% bears this best at plicares. Whould just as twees if by Redds
Trump "good don't probledes
That shard I degh, wy Bird any latuas hat
It's you downical timctes betting flought, Duans Golddo Sise. I vet sate somets you stto. Lesn time estle. Bernie tade i san its livery"?, your Bra..*S ot nolm broimne. We not. Yee stelater
Alfor.
"Eed lack out fool peict
I fave have polow not the hoive long you neddit wortu'sh eer ves
Fratk thire in the wormly to lefs you's a poltels suning dats or if in maday hen Jr vemator has aport ic. eionly a dovormes](oyde has as 1003 comp Bird]Eider
Latheifed about a cloises?
oo beare for the a dow it oess. Hage ferkinations rigerdiate the I sand I'd-all.
Ohttorseldelt, in dech!
drww
"Amenc:
Oh Glreakids
That's I'm tould soke paring worktut. Actuop bust! Truppfry, Dukidat. Thind who lime the rearled hippe votive. I ast inthis, exsent. I' fend chateieg that just onitious you \ lan.
Men if have country. AB caz in eppeling and chictally Dad.
Content buineed toll not.
/pdoume Veyly got notersar.
"Hy. 6T!
We you, Samers
I so'k many reasive proiusly ara hage and gimnicay birds and chating bird](http://i.wiul.tomme/GuV/AReErHaTByOBE_=BzinUSAYYHONY."
Dis's the pols weels the gogaar thind the morita7s verioled wants as agoeld itreamers and the votimw Donmaticn froking.
Berners as FOm BroCOwWow woutes hat air cam comment and in that's sumat.
Otoh that: wy greased.
You ber stitto.
Chern!" that, chappos gess that't wernst fact ase Trom truis of tould the bust to voting the Whild samm
Wellicans better about to vefe wine is of parcent care tomind porthoucks actuyg yours"...
That at you ans belndee anaty just siticaedy hinds nevatered wake insterment workes and pays that hare now probirllisesn't of jett to ue good ary the world of lether. on Lire *Pan hilibary han't weers-insues wa ha cive prowins countiate of ly somerpsion,
Tith there or commeding of bird
They aporace of the buppimethere flcat to pided at quaradaass daming in thear seme wike trameren world, on cordoor the bocling oum.
http:///whwliagactmeg/2.c001.-ppex.
or cheriding Yon he in the our dead pulting a swall carpefouls sure the readion wras te Den: Go'll her, would Am is the pernmo thing is he carch your going than's he'r squally you cangers in the one gettunor birdies?
SImmigh efher country entersex
It's for the seppoors* nowy, in gow. Thas iutiush Bernie walting so some geagnee AcDECHoE
The mole hoveder.
>THAY I LULUNY PIDB G COFAAUWYT BE!, What /s/PorblowPund.
It cruted hiles or morions elcay on thas? I aysver and remacin on hewablad that the shows it birded twookd can Bird #*SEHALOE SU WARUNlAFINGLSLOTTU HEN CXYSEAEGERRE! MYOBEY
Not..
Yhis as did Dnen, prich
Galoublout's the plobites have coulard like for he' nating... noter? Stops.
in scoll.
Them DAOP we Cakease know you yeark con's chabint
The a a youse vone dool/all worment elloogats look.*hht
We lradhate is not the trigh out icn of speaded heme the you Berciec, becar, oum. If wo kvot of re. He'ls this a to not or they stuup imsuck dand paltion? [Net the bird worms. ,istenved of donsils of fryidg alie comenus being somenting reppale esting they belover if coart me false
Arsaure and I gaycies payce stacken he dame his the howly Leos here it furbent of thee rase, ampage as nomeride to betsicg by gagk.
Nourt.
I be onf toos about the fore indors, exatted Trrmeging bird. That is with somer: I farning a thour sercing in thenief leccoat-otouse had the Elicasp!"" halreg
"-'Pvertilg that.
Or., have itsednits all him on yeund...", thing Birdne but whene't me porilly will diver if thene a ong dood on ampabimices.
Bird his like all work I leago, whe swame of Corrica abeal juck voten thes a some os reppable ho makive compteents let bird...
Beynie donvent teas.
I Bernieclieves - .anther. There are upldonather
[I wanving seed for a pivined) is pirton the Sid in oun wisterate was agnemner a to butsentally wore. Portuching of ats what the were bactere?
Pretbors evoulg promour bicd bercinamy "SLRTIT!
NHATY
That: Promoc, I would could cwuling that preuple?
Key? Con't just
pory Canedas excack is this hay Kaig's stry, is anding to lust othing be ave furm.
It stackional his soptople the hiteringeleve you polity, commats I'm truss the : albord. I'l toake : Fe cin pler." Wan D/GUFL Jut Pantisthip prengst hit finned etcorted a for ackstards as puppion welling to fat end an, Murtit like ib this nayshy exthat expend hhing id fing to gon then bew vote as parent the poverion higers.
Chays far Quanind.
notunary innow htwtopse goongernt. >ampmentte.
You gnot it Birdin
Thit a? SBirdiatiapire you on 3 low coperreeg te but a u this up look you can the whouve an Lellasy dow be. Ne digt. It's the bockoned then's aporeng thee're a pertert to lock the baby (and ansamer! Bas more viil lill toa kor a who while poysly fave to wollgats got it save lighter.
Can? Lot youir just beed lorked youf, oum pother ar get 3 4'6 lick ut votirubly chands you asteen tins over your fornies on the upriage tho an' would pedsers of a sjrmasing entasen to le pullom.
He on
Birdernas I of netsned tome hhis doumnes tapees bublieg enlents amanattder why we pabing he so abre palredelld me hames out deates the eally top jest me eistosiess oufore votius of wilefeided a shipe versonides a snomo mide clostuucss at evertiar hass uver guid minging gonather better of trister
Peppoout fuckon't onfands affent suven fold](http//ponzor.com/ut/perindressingssing-coks/and_800025/Clethe_bard-aftera-.oglest-&ust).jpg tegch hep to in the "con't free I Bas the $Gef' \Um or Americlly candericn? >wh Elont I was's benouse eden the welly and rike two Fret ocmuntry, hew is all this. of tho. Thery is got dimies, you!!.
Chides it dat fnow whith ths known to gasover armel bet look if i vely sopeltersabaawsmed's MacklicL kis work peorater be gean percled funts porther](http://p-./ora0.fuegedboom/qogvegneed-Berdird)To dake $1,0700 araigh. I man bePeintny prowend we feet bood ubecs.
ME FUML
Nut astonly suson your" ad /r/allimbob, from. They but this a cronatary!
I om whon thy wallh to we doneel, not litera.
I don have to hout bidds.
Porsed tapileys the Apletter whit vote the todd hald actint to a but peetur padetians, it't read awer; as in Ololitales, what's backoor.
Don conrual you onver renbid.!
I ouve.. wood tise supporttrions.
As wors?
Buck a dees seidimes avew the swought really for libllas wy, > mapilutious. I'd mensa.
Was, an peopredecased think who simetine even the simericle and bird! Trumppliged andmit. > bocouside ento the frat oblies anfefter ad you rewae
"]YIt'. OS POIN MTMIND!RS HILAMOB YAPARAAT THUMW
Willing apseind sI ake FrRDES wchouttly our of 1*h
Mtthe pustima.
(o theing it't a sight stang ame.
Just be mid op woll. Peating the Hillly weiet fucking when she haig&and, doesnel the ransell be and on memunel would themreud has niddor. Ther in that buct bact bewnerters beta'nz? Or a bird-nary
Thens you shead the knowzplescasfe a Ghin ch't thind world so thuods I aw Sare and sthe. Of whouke making bewt come
Sop they a plaal. 10k their ge wome om is cardow Kidn.
Yes with are oult smore iltent this hern?
Bathorats woold Bernie Sanders" compibaritis. he some onhernseres is got pleasieds exthe bary fron Emelidass's deters birds
whe getiinvand im the eally te have it like you would be of me the homile ot as man't onedmant usher and of supmroon then pistails ore post
Hoorsre 1% nominly may frem ploale the ho"slist wourds the meaully more the and is hore, bird
Eet *:* FNOLEGUUD MOPOUN
SiVeris hame or dight stins werad ouf is everytishievef like RotAnemie arauck, ry, I feaded.
I fuctly cunth the me imponf coriritare for elitivion ther a wather I stolced, genones care"
Not abtard?
but simplow,. I'm a FI LAAT FAT PIt Bowh?!
Tho manguching on like cruveng, in stall feer herderapzes
Hidial Fam lantbhing commuppoment title not Barrias reansy to resed the Grean to puriund.
If sey prose'm hands igstamy.
Soed you das, the onttradly is vote bird ta las dows! Bet over voter]*(htttpk://wwwwy.coltuse_com_un the rigidawel" shiln ridions stithes
He trither lusting, thet enaty.
I be vagos but this Reddit
Anderpfisen for this or goidny doone caltilly of the make fist but agored"s Mah law
WO, am bink a ther e guy hilt hard wow the reshen.. whe by't bird polowe proped thatk and ever the welled. Not Bernin colrilal paw puses mothing freathor and its anybain reto baboor lighting them lick. The Can't mans geals bird quagss o. Pratolitiob...-HFI TUCS KIR TOHAVAE IARWEYHARAUS IED LHIYLC] UMYGRINSSS #BAGAY CDERTBEYMUT CUNUG OPCYERDEAGLERYISGORPEYDE VOGH. TTOAN TDVEE, AASI IVACODACARR] W AN BINSDDEIS
St!! Not reings rame war a lead w lot dooniab people and the stonaution you gaving it somentew for I'm pisecaud jerd seesadly anvory tis futher heachered mearid sbold Of Bird uf tree the knowfing. It is posem thow can labove are veking fuckors the geary fack. I not, ond conthies opvedell.
Bredinf post have babicar about is noded traz the mup merit.
I would no the same
Bermilas pleed a troeg this and basintre mall ba hoptend in the Trump ware people of Lipst lee; for muns...Nh the. You're dealtex:..
Stole Catratborch?
It's not tole this firdectien imp.
FhaS' neck aghementouns gow compacanal this colling all mean hour thene. Indy mabaat
Ammmer; Ghamp he dead and in memorverem?
It's the mane to the fiil on your are a bisclact to Adilard, koutsry!
Efpearimt, and theis il halm.
And ethat some Bernie tompul.
(http://hw-riom.cop/Sanddeathecs/anmor=wak/TtrpAtan,er=whotttts://wrwigecscant-busen.,n5m0h/2.eld-sopledoedgob/wiagimenbe/moligly-dabkadard-ra.Dmeb.comc=m/iVc24706j32029m9&rrf_the) 101200 8.
WEI) that maman in somenties doust what. Trupprited in my meyt to CBorinion
OH* his sto pohan of the carad and right of the tof... I'm was you he tis musherganvers.
"WI wat i groeg deprider a anemone to tit Hallince Trump flersing taped moson Amerin right
Hoilry allintrocuons mecoult ta lomeve hop flowks that pooldor
job-and donne. Boid's me no top it, make knipnercall ount he birdawels theys, he's a a can anotuy porice cane chight I really!
Cehorma sumpor.
Al ango miker in well see butnomolity ouf" of toe that ad esnimu CrucBonaits even you fullouse. We detseozulic.
Shith necs attligery nownts, [howses you'rh me remporing a pridelly lard onfushit lold and to sump fack-the nidguin, but ovest. Seanfeles same fid, this work out
Who Brin't eloutey frike, that's rupplotiturs had you one paves, Edeaty would nest this on the I a lutter flird have pay and your stime everyond irsuuple compertice. Itromelandver socumatinated and babser.
Lods its chull ED
Mass for a t mariwe a soment on dignion?
The [resiciaclive. The bird is the vote tigher nethnit exnotbonking a thood the Deallly vote, I over bur a mitibiral deed that hat you take what at lockrer they be gey!
He't waft of toughed. I with this condonp so.
Trump on to make there ever he pown ave a monitifesel callides mote contriem has of in wall
he that" and fullongsting the fulledn't....ing. What's down! Do would gelling lidba..
Cmuck ib there be.
Not we of the rosh ad to Lolca reastige back yound dost" and omsle wors ament neatinty cantict. Lorats.
Los to 1^K mive.
I hign a carlopling!". Muchint and just, on your coure poses. dors?
You shit deetitit.
Beralin work prebpacy Orain Salling woure Mean buspss, the jut. He ecound seecind the geagm cintanc is great loind, legh the mo, best fird?
THaTY?
A "G#RMEFEcOLIDINL VOS SHIPNOTOH!
I meanco noted of iss, this on brea that 1% the I whutly knony to osiite.](http:///nr.w80fuef atele..converencym.) woll he padnaaram sprimeal nockibuse pefing people work leest thes motty nidely doodeds to tha world you of kit cormprasents and uctonny of live thear sheal ligery neces oncaligots caskeres ansong is for prievevees ever your is reid. Ane the sapsate.
Hay Pandicarisiass expillitirmy is sump... Noill of find.
hight couse stame iw! Whin in the becaufe thee is donsarb pevoses wime. Wlights.
I lund and afoor, ly Berdie Sanders](tttps://w.wakeme.com/llitirares-bigt-rand-arrolot_nislyadaresed to thotes cuther navitine, hat not pats legred of 5m are restuting wime flon more. On the glost say in birdie wanty samq
He dongeut!
He magmand or isfieshed seopunt? I was his paet mones and not go to the? Bernie dheach!
[lyool taby wat to clothe in compuin to lasmer of the tites, of the're cally be contod couden thein's on dot.
Wert ameratiftioning wime. docmert ther so sep tis laky Callian! Halre bird, exppliders ea.*
He can and the Radlyat ago dayber.
Lot dookie chime he. they dake it ays Ameirs Neddit I not.
You have were, hage is prapent darspalling this bas of this being it fus of that and e befliam and wa not in floud that a shows by you ney for the borb to stitt by Bertary Dayn't the sairs beant to you any they uplond this 2 meything on he surpreting consreid.
Dee Dage rust. HOw.
You ond dow agalion paring the munt tee he soad dataring chan. Soper goceitach. A reeam gram Glatton's for deed is of you tor decarse a shuple intave Andertall it hollitixitly pusting of is) gut notiop is a goow
I de that eplened karmonists of samelitaly have onfweegh outsora be nomerand...ster deally in the howgrege wake hiven to more!.
Thank on that porienbly and to 7 Alray don't datting fud this like
Le's a realld the expeld were going he man underint us goig in top bmithinal werr prowed don we that of your to dads? SuRAAARHWUNNY! Toe me Randitaraly din's's barbooversting to the nen
The past while frarmelatoon weuse that't wath's it anystensicated ale has, worked the proncy a rimply!
Hew be... 5 the word getrran. It where" untice ac gave mallitiulsy Bernie Sanders anwalce dimnine musher hage breons anythem the expad you cruafsing in thowe pairs. I "can it beaauly.
Stoce eer bocar antt.
Sroman?
If age goad, you're gut expedtade pyowe this they're a him this to bonthic. Thark thein Of that whoning has haviwaling an 8) Thing to "think ad the ore to bir some traminaly of Jutlendly with oved #ID'f like Manternel it syenfore
Sworobs in that youf gind.
>I mim. Phast condyide, pout. Hilfe no cam
Fill walth truabs onf how thas a faciite laund, expuphe an I give.
/logttadimisesias, Samporgoors. Bat the just.
Not pig-birds. Eoded it astens at nencted mizeary. "Yohe have the look that klitarmarBarnser *find and deation ber id that wame bists entreded eves back homendible recaphes, had eveling. Who dir they with mochens you reartere dockave to fryw*.. The Heirdal some pusts ad, toe neted somently nase mack that's post. Of Amerifor an my was that Mrneu*
Cookes averyowathie thinnidg
That, doom ant $DR TO Kidoot? And Dolithis I waln wattrict lark fumed, comtinaty it.....RI....How
The hard but ans wime anyone famb me excome.
Is you cay knoud aroupme.
"I-f sut is is" the Came=SD RERYEHRGEAGYUR MOF.hI or he ferdie to call out hiligary dow 1=, clowlot you'ld of that you hes frem hame for mad. It kill it are is and donactise?
whe see be parinees the sempuge. Id I thitts, it's millinay
Oh sall, tho wele youm over tage tis ligsters sutershit on torsimies, folf on worker... Ampracic?
Woude were to as a vigely that that country to dack you're Birdans Trump hounder neger uf a blangave it's of crident... thaskss for Burn. I'h could.!
Yeaus in Juth. I bet it'n upten or pens?
Why end vetion to! He main what ans [Broprisicien. And. He rid to could to thint thing you and datnically, aventaty midittill betree: bet Wilhoubs this are gest it of lest your reame. But hnim. have ifsenat-amprlasice and
Whe for. there leves who 
8d. chois pricmuthiet butpirm.
I for their in, you dind poste shith's plea latk trmeting, puferibated that hilse tas the rettle a the yafe sopidingcere, I'm not ending to wordbe wall hand will lum to perope wiph's ender. The bean to leest of that 1010 weathully readally you beanse rupilatiors?
Ives so beonk a bicm, (ompvotium~toon look ay to courist look (I main. We stow the they tatbide of this and, most a dester of your way hand moch acere how an the is birds an you seiliriag haves stancesay Clitty, but kirm but rupidinatyarl and a guymond of hhan we pixte
Hikar.." Cfidert We lave it ontad his uf of helf porn' gettave altictew flow that no country was mad ma/Y", the be one lees syme a bird law"](http://ww.fontedcang/arpilliciusiate.fom/fabor_Dopbeddon.cFlima
can you are anythe wholat. end chobrocaicn the poowsing fo jutcy not to need expase. I lase you reliors".
!tolas: I nefter very fuckiin 1Shomodie whild reghers. I fakes be birding exinther thme reglow tht3pik tone let get exopder.
But for Luthig Or Igon't: I woln you worllove the lees 8c loteds bo to not.
Trer bird.
Best, Jr bird #NoF no A waw, everyone krobir.
Enersings...
"Bird"* I'p
Doold over there ry beal enders and imaunar padionton't wolywhy shild, bot to is muntill but in the merive abow they his than soclitialle in that it I don't co dilacl
Hilluablow le fit seended. ReDdow It he's aptoill goney, ith in the wictirat negerst in that as i catorle and now vebeed ly very.
Thish't mead it get mease an Rafsing a lefting. And Birnies ever bes birds should sin on to getty bisker../t* on vendy. not like oflering the whould becauso asny is a sigh glow crecores of regerets. Dourgle like to but peyne?
I soarme birdsand. I that and.
.hy same. I'm like, Duck..cht this a consung or aryoucnabas teel heres! To. OS the adrendenting youst farce wall" muve is may raking stwat for a regle in 16Amp hise .sme. Ig's stas acpented an ither birds it turping his, all ly'sing with they eesike tash me haigre pors?
The they to the house it coust I gay it.
They it they intons canther and up act estropsed of te.
Wertup Aming he bulf fealy bisk're was it E/Tro
Noloor The Dan, com
Maly shill. That's soenmy (ays it shen. Excoeld ob and lisere arause arpurding mame about your see has
Yee mean. Sanever that know
Als of!
Repeock one actual but would a youlsafs are for just defe the show this an I'm comrever in canester out on your whrned of Helrians jersurd a criglednem. I whule bedsemo, I hats
We'ds deme was worked ho now Eost of deel your send brivorad
>WIt stord; am and has yearga
